<?xml version="1.0" encoding="UTF-8"?>
<!-- Generated by org.testng.reporters.JUnitReportReporter -->
<testsuite hostname="DESKTOP-PP8RICL" failures="0" tests="1" name="testCases.TC002_UserLogin" time="27.075" errors="0" timestamp="2025-01-22T22:03:21 BDT" skipped="0">
  <testcase classname="testCases.TC002_UserLogin" name="verify_UserLogin" time="27.075"/>
</testsuite> <!-- testCases.TC002_UserLogin -->
