<?xml version="1.0" encoding="UTF-8"?>
<!-- Generated by org.testng.reporters.JUnitReportReporter -->
<testsuite hostname="DESKTOP-PP8RICL" failures="0" tests="1" name="testCases.TC002_UserLoginWithRegisteredCredentials" time="5.192" errors="0" timestamp="2025-01-23T18:50:45 BDT" skipped="0">
  <testcase classname="testCases.TC002_UserLoginWithRegisteredCredentials" name="verify_UserLoginWithRegisteredCredentials" time="5.192"/>
</testsuite> <!-- testCases.TC002_UserLoginWithRegisteredCredentials -->
