<?xml version="1.0" encoding="UTF-8"?>
<!-- Generated by org.testng.reporters.JUnitReportReporter -->
<testsuite hostname="DESKTOP-PP8RICL" failures="0" tests="1" name="testCases.TC001_UserRegistrationWithValidData" time="7.135" errors="0" timestamp="2025-01-23T18:50:45 BDT" skipped="0">
  <testcase classname="testCases.TC001_UserRegistrationWithValidData" name="verify_UserRegistrationWithValidData" time="7.135"/>
</testsuite> <!-- testCases.TC001_UserRegistrationWithValidData -->
